<?xml version="1.0" encoding="UTF-8"?>
<!-- Generated by org.testng.reporters.JUnitReportReporter -->
<testsuite skipped="0" hostname="INDIA-Pavani" name="jiraPractice.CreateDefect" tests="1" failures="0" timestamp="2020-01-21T11:55:03 IST" time="1.382" errors="0">
  <testcase name="jiraAPI" time="1.382" classname="jiraPractice.CreateDefect"/>
</testsuite> <!-- jiraPractice.CreateDefect -->
